<<<<<<< HEAD
[INFO  - 2017-04-09T07:36:38.600Z] GhostDriver - Main - running on port 51597
[INFO  - 2017-04-09T07:36:39.768Z] Session [44f70a30-1cf7-11e7-93b5-6350a30eabb7] - page.settings - {"XSSAuditingEnabled":false,"javascriptCanCloseWindows":true,"javascriptCanOpenWindows":true,"javascriptEnabled":true,"loadImages":true,"localToRemoteUrlAccessEnabled":false,"userAgent":"Mozilla/5.0 (Windows NT 6.1; WOW64) AppleWebKit/538.1 (KHTML, like Gecko) PhantomJS/2.1.1 Safari/538.1","webSecurityEnabled":true}
[INFO  - 2017-04-09T07:36:39.768Z] Session [44f70a30-1cf7-11e7-93b5-6350a30eabb7] - page.customHeaders:  - {}
[INFO  - 2017-04-09T07:36:39.768Z] Session [44f70a30-1cf7-11e7-93b5-6350a30eabb7] - Session.negotiatedCapabilities - {"browserName":"phantomjs","version":"2.1.1","driverName":"ghostdriver","driverVersion":"1.2.0","platform":"windows-7-32bit","javascriptEnabled":true,"takesScreenshot":true,"handlesAlerts":false,"databaseEnabled":false,"locationContextEnabled":false,"applicationCacheEnabled":false,"browserConnectionEnabled":false,"cssSelectorsEnabled":true,"webStorageEnabled":false,"rotatable":false,"acceptSslCerts":false,"nativeEvents":true,"proxy":{"proxyType":"direct"}}
[INFO  - 2017-04-09T07:36:39.768Z] SessionManagerReqHand - _postNewSessionCommand - New Session Created: 44f70a30-1cf7-11e7-93b5-6350a30eabb7
[ERROR - 2017-04-09T07:36:52.487Z] WebElementLocator - _handleLocateCommand - Element(s) NOT Found: GAVE UP. Search Stop Time: 1491723412435

  phantomjs://platform/console++.js:263 in error
=======
<<<<<<< HEAD
[INFO  - 2017-05-08T10:27:11.145Z] GhostDriver - Main - running on port 5877
[INFO  - 2017-05-08T10:27:14.544Z] Session [e7585d90-33d8-11e7-98da-af97eed5d7f2] - page.settings - {"XSSAuditingEnabled":false,"javascriptCanCloseWindows":true,"javascriptCanOpenWindows":true,"javascriptEnabled":true,"loadImages":true,"localToRemoteUrlAccessEnabled":false,"userAgent":"Mozilla/5.0 (Windows NT 6.2; WOW64) AppleWebKit/538.1 (KHTML, like Gecko) PhantomJS/2.1.1 Safari/538.1","webSecurityEnabled":true}
[INFO  - 2017-05-08T10:27:14.544Z] Session [e7585d90-33d8-11e7-98da-af97eed5d7f2] - page.customHeaders:  - {}
[INFO  - 2017-05-08T10:27:14.544Z] Session [e7585d90-33d8-11e7-98da-af97eed5d7f2] - Session.negotiatedCapabilities - {"browserName":"phantomjs","version":"2.1.1","driverName":"ghostdriver","driverVersion":"1.2.0","platform":"windows-10-32bit","javascriptEnabled":true,"takesScreenshot":true,"handlesAlerts":false,"databaseEnabled":false,"locationContextEnabled":false,"applicationCacheEnabled":false,"browserConnectionEnabled":false,"cssSelectorsEnabled":true,"webStorageEnabled":false,"rotatable":false,"acceptSslCerts":false,"nativeEvents":true,"proxy":{"proxyType":"direct"}}
[INFO  - 2017-05-08T10:27:14.544Z] SessionManagerReqHand - _postNewSessionCommand - New Session Created: e7585d90-33d8-11e7-98da-af97eed5d7f2
=======
[INFO  - 2017-05-08T09:29:50.616Z] GhostDriver - Main - running on port 9878
[INFO  - 2017-05-08T09:29:51.772Z] Session [e34985b0-33d0-11e7-8b74-e167634cf47f] - page.settings - {"XSSAuditingEnabled":false,"javascriptCanCloseWindows":true,"javascriptCanOpenWindows":true,"javascriptEnabled":true,"loadImages":true,"localToRemoteUrlAccessEnabled":false,"userAgent":"Mozilla/5.0 (Windows NT 6.2; WOW64) AppleWebKit/538.1 (KHTML, like Gecko) PhantomJS/2.1.1 Safari/538.1","webSecurityEnabled":true}
[INFO  - 2017-05-08T09:29:51.773Z] Session [e34985b0-33d0-11e7-8b74-e167634cf47f] - page.customHeaders:  - {}
[INFO  - 2017-05-08T09:29:51.773Z] Session [e34985b0-33d0-11e7-8b74-e167634cf47f] - Session.negotiatedCapabilities - {"browserName":"phantomjs","version":"2.1.1","driverName":"ghostdriver","driverVersion":"1.2.0","platform":"windows-10-32bit","javascriptEnabled":true,"takesScreenshot":true,"handlesAlerts":false,"databaseEnabled":false,"locationContextEnabled":false,"applicationCacheEnabled":false,"browserConnectionEnabled":false,"cssSelectorsEnabled":true,"webStorageEnabled":false,"rotatable":false,"acceptSslCerts":false,"nativeEvents":true,"proxy":{"proxyType":"direct"}}
[INFO  - 2017-05-08T09:29:51.773Z] SessionManagerReqHand - _postNewSessionCommand - New Session Created: e34985b0-33d0-11e7-8b74-e167634cf47f
>>>>>>> 32d39c4ef1fb3c13050c4d9826361ee55abd5d73
>>>>>>> 8f1c74c7928bb2a61884497d1e450642d1ff83de
